#! /c/Source/iverilog-install/bin/vvp
:ivl_version "12.0 (devel)" "(s20150603-1110-g18392a46)";
:ivl_delay_selection "TYPICAL";
:vpi_time_precision + 0;
:vpi_module "C:\iverilog\lib\ivl\system.vpi";
:vpi_module "C:\iverilog\lib\ivl\vhdl_sys.vpi";
:vpi_module "C:\iverilog\lib\ivl\vhdl_textio.vpi";
:vpi_module "C:\iverilog\lib\ivl\v2005_math.vpi";
:vpi_module "C:\iverilog\lib\ivl\va_math.vpi";
S_000001e9e82b6750 .scope module, "ha" "ha" 2 1;
 .timescale 0 0;
    .port_info 0 /INPUT 1 "a";
    .port_info 1 /INPUT 1 "b";
    .port_info 2 /OUTPUT 1 "sum";
    .port_info 3 /OUTPUT 1 "carry";
o000001e9e8346eb8 .functor BUFZ 1, C4<z>; HiZ drive
o000001e9e8346ee8 .functor BUFZ 1, C4<z>; HiZ drive
L_000001e9e83461a0 .functor XOR 1, o000001e9e8346eb8, o000001e9e8346ee8, C4<0>, C4<0>;
L_000001e9e82b7020 .functor AND 1, o000001e9e8346eb8, o000001e9e8346ee8, C4<1>, C4<1>;
v000001e9e8346100_0 .net "a", 0 0, o000001e9e8346eb8;  0 drivers
v000001e9e82b68e0_0 .net "b", 0 0, o000001e9e8346ee8;  0 drivers
v000001e9e82b6980_0 .net "carry", 0 0, L_000001e9e82b7020;  1 drivers
v000001e9e82b6a20_0 .net "sum", 0 0, L_000001e9e83461a0;  1 drivers
# The file index is used to find the file name in the following table.
:file_names 3;
    "N/A";
    "<interactive>";
    "ha.v";
